[debug] [2020-07-03T02:46:40.809Z] ----------------------------------------------------------------------
[debug] [2020-07-03T02:46:40.810Z] Command:       C:\Program Files\nodejs\node.exe C:\Users\isabe\AppData\Roaming\npm\node_modules\firebase-tools\lib\bin\firebase.js init
[debug] [2020-07-03T02:46:40.811Z] CLI Version:   8.4.3
[debug] [2020-07-03T02:46:40.811Z] Platform:      win32
[debug] [2020-07-03T02:46:40.811Z] Node Version:  v12.16.1
[debug] [2020-07-03T02:46:40.812Z] Time:          Thu Jul 02 2020 21:46:40 GMT-0500 (Central Daylight Time)
[debug] [2020-07-03T02:46:40.812Z] ----------------------------------------------------------------------
[debug] [2020-07-03T02:46:40.812Z] 
[debug] [2020-07-03T02:46:40.817Z] > command requires scopes: ["email","openid","https://www.googleapis.com/auth/cloudplatformprojects.readonly","https://www.googleapis.com/auth/firebase","https://www.googleapis.com/auth/cloud-platform"]
[debug] [2020-07-03T02:46:40.818Z] > authorizing via signed-in user
[info] 
     ######## #### ########  ######## ########     ###     ######  ########
     ##        ##  ##     ## ##       ##     ##  ##   ##  ##       ##
     ######    ##  ########  ######   ########  #########  ######  ######
     ##        ##  ##    ##  ##       ##     ## ##     ##       ## ##
     ##       #### ##     ## ######## ########  ##     ##  ######  ########

You're about to initialize a Firebase project in this directory:

  C:\Projects\Web Dev\Main Files\Official Website\newdesign\Main

Before we get started, keep in mind:

  * You are currently outside your home directory
  * You are initializing in an existing Firebase project directory

